<?xml version="1.0" encoding="UTF-8"?>
<!-- Generated by org.testng.reporters.JUnitReportReporter -->
<testsuite skipped="0" hostname="YIND5113-Sathiya" name="api_automation.Basic_api" tests="1" failures="0" timestamp="2023-05-22T14:04:58 IST" time="2.659" errors="0">
  <testcase name="get_Request" time="2.659" classname="api_automation.Basic_api"/>
  <system-out/>
</testsuite> <!-- api_automation.Basic_api -->
